  [4;36;1mSCHEMA (0.3ms)[0m   [0;1mSHOW TABLES [0m
  [4;35;1mSCHEMA (0.2ms)[0m   [0mSHOW TABLES [0m
  [4;36;1mSCHEMA (0.2ms)[0m   [0;1mSHOW TABLES [0m
  [4;36;1mSCHEMA (0.2ms)[0m   [0;1mSHOW TABLES [0m
  [4;35;1mSQL (124.6ms)[0m   [0mCREATE TABLE `schema_migrations` (`version` varchar(255) NOT NULL) ENGINE=InnoDB[0m
  [4;36;1mSQL (0.4ms)[0m   [0;1mSHOW KEYS FROM `schema_migrations`[0m
  [4;35;1mSQL (193.1ms)[0m   [0mCREATE UNIQUE INDEX `unique_schema_migrations` ON `schema_migrations` (`version`)[0m
  [4;36;1mSCHEMA (0.3ms)[0m   [0;1mSHOW TABLES [0m
  [4;35;1mSQL (0.3ms)[0m   [0mSELECT version FROM schema_migrations[0m
Migrating to CreatePosts (20130814203420)
  [4;36;1mSQL (80.3ms)[0m   [0;1mCREATE TABLE `posts` (`id` int(11) DEFAULT NULL auto_increment PRIMARY KEY, `created_at` datetime, `updated_at` datetime) ENGINE=InnoDB[0m
  [4;35;1mSQL (49.8ms)[0m   [0mINSERT INTO schema_migrations (version) VALUES ('20130814203420')[0m
  [4;36;1mSCHEMA (0.3ms)[0m   [0;1mSHOW TABLES [0m
  [4;35;1mSQL (0.3ms)[0m   [0mSELECT version FROM schema_migrations[0m
  [4;36;1mSCHEMA (0.3ms)[0m   [0;1mSHOW TABLES [0m
  [4;35;1mSQL (0.6ms)[0m   [0mdescribe `posts`[0m
  [4;36;1mSQL (0.3ms)[0m   [0;1mSHOW KEYS FROM `posts`[0m
  [4;36;1mSCHEMA (0.3ms)[0m   [0;1mSHOW TABLES [0m
  [4;35;1mSQL (0.1ms)[0m   [0mSELECT version FROM schema_migrations[0m
  [4;36;1mSCHEMA (0.2ms)[0m   [0;1mSHOW TABLES [0m
  [4;35;1mSQL (0.1ms)[0m   [0mSELECT version FROM schema_migrations[0m
  [4;36;1mSCHEMA (0.2ms)[0m   [0;1mSHOW TABLES [0m
  [4;35;1mSQL (0.1ms)[0m   [0mSELECT version FROM schema_migrations[0m
Migrating to CreatePosts (20130814203420)
  [4;36;1mSQL (51.6ms)[0m   [0;1mDROP TABLE `posts`[0m
  [4;35;1mSQL (49.9ms)[0m   [0mDELETE FROM schema_migrations WHERE version = '20130814203420'[0m
  [4;36;1mSCHEMA (0.3ms)[0m   [0;1mSHOW TABLES [0m
  [4;35;1mSQL (0.3ms)[0m   [0mSELECT version FROM schema_migrations[0m
  [4;36;1mSCHEMA (0.3ms)[0m   [0;1mSHOW TABLES [0m
  [4;36;1mSCHEMA (0.3ms)[0m   [0;1mSHOW TABLES [0m
  [4;35;1mSQL (0.2ms)[0m   [0mSELECT version FROM schema_migrations[0m
Migrating to CreatePosts (20130814203420)
  [4;36;1mSQL (136.3ms)[0m   [0;1mCREATE TABLE `posts` (`id` int(11) DEFAULT NULL auto_increment PRIMARY KEY, `created_at` datetime, `updated_at` datetime) ENGINE=InnoDB[0m
  [4;35;1mSQL (58.1ms)[0m   [0mINSERT INTO schema_migrations (version) VALUES ('20130814203420')[0m
  [4;36;1mSCHEMA (0.3ms)[0m   [0;1mSHOW TABLES [0m
  [4;35;1mSQL (0.3ms)[0m   [0mSELECT version FROM schema_migrations[0m
  [4;36;1mSCHEMA (0.3ms)[0m   [0;1mSHOW TABLES [0m
  [4;35;1mSQL (0.5ms)[0m   [0mdescribe `posts`[0m
  [4;36;1mSQL (0.3ms)[0m   [0;1mSHOW KEYS FROM `posts`[0m
  [4;36;1mSCHEMA (0.3ms)[0m   [0;1mSHOW TABLES [0m
  [4;35;1mSQL (0.2ms)[0m   [0mSELECT version FROM schema_migrations[0m
Migrating to CreatePosts (20130814203420)
  [4;36;1mSCHEMA (0.3ms)[0m   [0;1mSHOW TABLES [0m
  [4;35;1mSQL (0.2ms)[0m   [0mSELECT version FROM schema_migrations[0m
  [4;36;1mSCHEMA (0.3ms)[0m   [0;1mSHOW TABLES [0m
  [4;35;1mSQL (0.6ms)[0m   [0mdescribe `posts`[0m
  [4;36;1mSQL (0.3ms)[0m   [0;1mSHOW KEYS FROM `posts`[0m
  [4;36;1mSCHEMA (0.3ms)[0m   [0;1mSHOW TABLES [0m
  [4;35;1mSQL (0.2ms)[0m   [0mSELECT version FROM schema_migrations[0m
  [4;36;1mSCHEMA (0.3ms)[0m   [0;1mSHOW TABLES [0m
  [4;35;1mSQL (0.1ms)[0m   [0mSELECT version FROM schema_migrations[0m
  [4;36;1mSCHEMA (0.3ms)[0m   [0;1mSHOW TABLES [0m
  [4;35;1mSQL (0.2ms)[0m   [0mSELECT version FROM schema_migrations[0m
Migrating to CreatePosts (20130814203420)
  [4;36;1mSQL (87.1ms)[0m   [0;1mDROP TABLE `posts`[0m
  [4;35;1mSQL (49.9ms)[0m   [0mDELETE FROM schema_migrations WHERE version = '20130814203420'[0m
  [4;36;1mSCHEMA (0.2ms)[0m   [0;1mSHOW TABLES [0m
  [4;35;1mSQL (0.3ms)[0m   [0mSELECT version FROM schema_migrations[0m
  [4;36;1mSCHEMA (0.2ms)[0m   [0;1mSHOW TABLES [0m
  [4;36;1mSCHEMA (0.3ms)[0m   [0;1mSHOW TABLES [0m
  [4;35;1mSQL (0.2ms)[0m   [0mSELECT version FROM schema_migrations[0m
Migrating to CreatePosts (20130814203420)
  [4;36;1mSQL (242.6ms)[0m   [0;1mCREATE TABLE `posts` (`id` int(11) DEFAULT NULL auto_increment PRIMARY KEY, `title` varchar(100) DEFAULT '' NOT NULL, `body` text DEFAULT '', `author` varchar(100) DEFAULT 0 NOT NULL, `category` varchar(20) DEFAULT '' NOT NULL, `status` varchar(20) DEFAULT '' NOT NULL, `created_at` datetime, `updated_at` datetime) ENGINE=InnoDB[0m
  [4;35;1mSQL (24.7ms)[0m   [0mINSERT INTO schema_migrations (version) VALUES ('20130814203420')[0m
  [4;36;1mSCHEMA (0.3ms)[0m   [0;1mSHOW TABLES [0m
  [4;35;1mSQL (0.3ms)[0m   [0mSELECT version FROM schema_migrations[0m
  [4;36;1mSCHEMA (0.3ms)[0m   [0;1mSHOW TABLES [0m
  [4;35;1mSQL (0.7ms)[0m   [0mdescribe `posts`[0m
  [4;36;1mSQL (0.3ms)[0m   [0;1mSHOW KEYS FROM `posts`[0m
  [4;36;1mSCHEMA (0.3ms)[0m   [0;1mSHOW TABLES [0m
  [4;35;1mSQL (0.2ms)[0m   [0mSELECT version FROM schema_migrations[0m
Migrating to CreatePosts (20130814203420)
Migrating to CreateUsers (20130814205951)
  [4;36;1mSQL (122.8ms)[0m   [0;1mCREATE TABLE `users` (`id` int(11) DEFAULT NULL auto_increment PRIMARY KEY, `post_id` int(11) DEFAULT 0, `author` varchar(25) DEFAULT '' NOT NULL, `author_email` varchar(50) DEFAULT '' NOT NULL, `content` text, `status` varchar(25) DEFAULT '' NOT NULL, `created_at` datetime, `updated_at` datetime) ENGINE=InnoDB[0m
  [4;35;1mSQL (58.0ms)[0m   [0mINSERT INTO schema_migrations (version) VALUES ('20130814205951')[0m
Migrating to CreateComments (20130814205958)
  [4;36;1mSQL (106.9ms)[0m   [0;1mCREATE TABLE `comments` (`id` int(11) DEFAULT NULL auto_increment PRIMARY KEY, `created_at` datetime, `updated_at` datetime) ENGINE=InnoDB[0m
  [4;35;1mSQL (58.5ms)[0m   [0mINSERT INTO schema_migrations (version) VALUES ('20130814205958')[0m
  [4;36;1mSCHEMA (0.3ms)[0m   [0;1mSHOW TABLES [0m
  [4;35;1mSQL (0.2ms)[0m   [0mSELECT version FROM schema_migrations[0m
  [4;36;1mSCHEMA (0.2ms)[0m   [0;1mSHOW TABLES [0m
  [4;35;1mSQL (0.6ms)[0m   [0mdescribe `comments`[0m
  [4;36;1mSQL (0.3ms)[0m   [0;1mSHOW KEYS FROM `comments`[0m
  [4;35;1mSQL (0.6ms)[0m   [0mdescribe `posts`[0m
  [4;36;1mSQL (0.3ms)[0m   [0;1mSHOW KEYS FROM `posts`[0m
  [4;35;1mSQL (0.7ms)[0m   [0mdescribe `users`[0m
  [4;36;1mSQL (0.3ms)[0m   [0;1mSHOW KEYS FROM `users`[0m
  [4;36;1mSCHEMA (0.3ms)[0m   [0;1mSHOW TABLES [0m
  [4;35;1mSQL (0.2ms)[0m   [0mSELECT version FROM schema_migrations[0m
  [4;36;1mSCHEMA (0.3ms)[0m   [0;1mSHOW TABLES [0m
  [4;35;1mSQL (0.2ms)[0m   [0mSELECT version FROM schema_migrations[0m
  [4;36;1mSCHEMA (0.3ms)[0m   [0;1mSHOW TABLES [0m
  [4;35;1mSQL (0.2ms)[0m   [0mSELECT version FROM schema_migrations[0m
Migrating to CreateComments (20130814205958)
  [4;36;1mSQL (48.9ms)[0m   [0;1mDROP TABLE `comments`[0m
  [4;35;1mSQL (49.9ms)[0m   [0mDELETE FROM schema_migrations WHERE version = '20130814205958'[0m
Migrating to CreateUsers (20130814205951)
  [4;36;1mSQL (48.6ms)[0m   [0;1mDROP TABLE `users`[0m
  [4;35;1mSQL (49.9ms)[0m   [0mDELETE FROM schema_migrations WHERE version = '20130814205951'[0m
Migrating to CreatePosts (20130814203420)
  [4;36;1mSQL (57.0ms)[0m   [0;1mDROP TABLE `posts`[0m
  [4;35;1mSQL (49.6ms)[0m   [0mDELETE FROM schema_migrations WHERE version = '20130814203420'[0m
  [4;36;1mSCHEMA (0.2ms)[0m   [0;1mSHOW TABLES [0m
  [4;35;1mSQL (0.1ms)[0m   [0mSELECT version FROM schema_migrations[0m
  [4;36;1mSCHEMA (0.1ms)[0m   [0;1mSHOW TABLES [0m
  [4;36;1mSCHEMA (0.3ms)[0m   [0;1mSHOW TABLES [0m
  [4;35;1mSQL (0.2ms)[0m   [0mSELECT version FROM schema_migrations[0m
Migrating to CreatePosts (20130814203420)
  [4;36;1mSQL (128.4ms)[0m   [0;1mCREATE TABLE `posts` (`id` int(11) DEFAULT NULL auto_increment PRIMARY KEY, `title` varchar(100) DEFAULT '' NOT NULL, `body` text DEFAULT '', `author` varchar(100) DEFAULT 0 NOT NULL, `category` varchar(20) DEFAULT '' NOT NULL, `status` varchar(20) DEFAULT '' NOT NULL, `created_at` datetime, `updated_at` datetime) ENGINE=InnoDB[0m
  [4;35;1mSQL (58.1ms)[0m   [0mINSERT INTO schema_migrations (version) VALUES ('20130814203420')[0m
Migrating to CreateUsers (20130814205951)
  [4;36;1mSQL (81.5ms)[0m   [0;1mCREATE TABLE `users` (`id` int(11) DEFAULT NULL auto_increment PRIMARY KEY, `username` varchar(25) DEFAULT '' NOT NULL, `hashed_password` varchar(40) DEFAULT '' NOT NULL, `first_name` varchar(25) DEFAULT '' NOT NULL, `last_name` varchar(40) DEFAULT '' NOT NULL, `email` varchar(50) DEFAULT '' NOT NULL, `display_name` varchar(25) DEFAULT '' NOT NULL, `user_level` mediumint DEFAULT 0 NOT NULL, `created_at` datetime, `updated_at` datetime) ENGINE=InnoDB[0m
  [4;35;1mSQL (33.1ms)[0m   [0mINSERT INTO schema_migrations (version) VALUES ('20130814205951')[0m
Migrating to CreateComments (20130814205958)
  [4;36;1mSQL (91.3ms)[0m   [0;1mCREATE TABLE `comments` (`id` int(11) DEFAULT NULL auto_increment PRIMARY KEY, `post_id` int(11) DEFAULT 0, `author` varchar(25) DEFAULT '' NOT NULL, `author_email` varchar(50) DEFAULT '' NOT NULL, `content` text, `status` varchar(25) DEFAULT '' NOT NULL, `created_at` datetime, `updated_at` datetime) ENGINE=InnoDB[0m
  [4;35;1mSQL (33.1ms)[0m   [0mINSERT INTO schema_migrations (version) VALUES ('20130814205958')[0m
  [4;36;1mSCHEMA (0.3ms)[0m   [0;1mSHOW TABLES [0m
  [4;35;1mSQL (0.3ms)[0m   [0mSELECT version FROM schema_migrations[0m
  [4;36;1mSCHEMA (0.3ms)[0m   [0;1mSHOW TABLES [0m
  [4;35;1mSQL (0.7ms)[0m   [0mdescribe `comments`[0m
  [4;36;1mSQL (0.3ms)[0m   [0;1mSHOW KEYS FROM `comments`[0m
  [4;35;1mSQL (0.7ms)[0m   [0mdescribe `posts`[0m
  [4;36;1mSQL (0.3ms)[0m   [0;1mSHOW KEYS FROM `posts`[0m
  [4;35;1mSQL (0.6ms)[0m   [0mdescribe `users`[0m
  [4;36;1mSQL (0.3ms)[0m   [0;1mSHOW KEYS FROM `users`[0m
